-------------------------------------------------------------------------------
Test set: helloworld.AppTest
-------------------------------------------------------------------------------
Tests run: 1, Failures: 0, Errors: 1, Skipped: 0, Time elapsed: 0.589 sec <<< FAILURE! - in helloworld.AppTest
successfulResponse(helloworld.AppTest)  Time elapsed: 0.546 sec  <<< ERROR!
java.lang.ClassCastException: class java.lang.Integer cannot be cast to class helloworld.GatewayResponse (java.lang.Integer is in module java.base of loader 'bootstrap'; helloworld.GatewayResponse is in unnamed module of loader 'app')
	at helloworld.AppTest.successfulResponse(AppTest.java:12)

