<?xml version="1.0" encoding="UTF-8"?>
<testsuite xmlns:xsi="http://www.w3.org/2001/XMLSchema-instance" xsi:schemaLocation="https://maven.apache.org/surefire/maven-surefire-plugin/xsd/surefire-test-report.xsd" name="helloworld.AppTest" time="0.589" tests="1" errors="1" skipped="0" failures="0">
  <properties>
[...]
</properties>
  <testcase name="successfulResponse" classname="helloworld.AppTest" time="0.546">
    <error message="class java.lang.Integer cannot be cast to class helloworld.GatewayResponse (java.lang.Integer is in module java.base of loader &apos;bootstrap&apos;; helloworld.GatewayResponse is in unnamed module of loader &apos;app&apos;)" type="java.lang.ClassCastException">java.lang.ClassCastException: class java.lang.Integer cannot be cast to class helloworld.GatewayResponse (java.lang.Integer is in module java.base of loader 'bootstrap'; helloworld.GatewayResponse is in unnamed module of loader 'app')
	at helloworld.AppTest.successfulResponse(AppTest.java:12)
</error>
    <system-out><![CDATA[my input nullnull
null
]]></system-out>
  </testcase>
</testsuite>